<?xml version="1.0" encoding="UTF-8" ?>
<testsuite errors="0" failures="0" hostname="Hennepins-MacBook-Pro.local" name="auctionhaus.BidControllerTests" tests="8" time="1.681" timestamp="2012-04-23T04:26:14">
  <properties />
  <testcase classname="auctionhaus.BidControllerTests" name="testList" time="0.748" />
  <testcase classname="auctionhaus.BidControllerTests" name="testIndex" time="0.158" />
  <testcase classname="auctionhaus.BidControllerTests" name="testCreate" time="0.083" />
  <testcase classname="auctionhaus.BidControllerTests" name="testSave" time="0.196" />
  <testcase classname="auctionhaus.BidControllerTests" name="testShow" time="0.151" />
  <testcase classname="auctionhaus.BidControllerTests" name="testEdit" time="0.077" />
  <testcase classname="auctionhaus.BidControllerTests" name="testUpdate" time="0.107" />
  <testcase classname="auctionhaus.BidControllerTests" name="testDelete" time="0.087" />
  <system-out><![CDATA[]]></system-out>
  <system-err><![CDATA[--Output from testList--
--Output from testIndex--
--Output from testCreate--
--Output from testSave--
--Output from testShow--
--Output from testEdit--
--Output from testUpdate--
--Output from testDelete--
]]></system-err>
</testsuite>
