<?xml version="1.0" encoding="UTF-8" ?>
<testsuite errors="0" failures="0" hostname="Hennepins-MacBook-Pro.local" name="auctionhaus.CustomerServiceTests" tests="2" time="0.162" timestamp="2012-04-23T04:26:17">
  <properties />
  <testcase classname="auctionhaus.CustomerServiceTests" name="testCustomerCreateFailsWithoutValidParameters" time="0.066" />
  <testcase classname="auctionhaus.CustomerServiceTests" name="testCustomerCreateSucceedsWithValidParameters" time="0.043" />
  <system-out><![CDATA[]]></system-out>
  <system-err><![CDATA[--Output from testCustomerCreateFailsWithoutValidParameters--
--Output from testCustomerCreateSucceedsWithValidParameters--
]]></system-err>
</testsuite>
