<?xml version="1.0" encoding="UTF-8" ?>
<testsuite errors="0" failures="0" hostname="Hennepins-MacBook-Pro.local" name="auctionhaus.CustomerTests" tests="5" time="0.215" timestamp="2012-04-23T04:26:18">
  <properties />
  <testcase classname="auctionhaus.CustomerTests" name="testCustomerNullFieldsCauseError" time="0.071" />
  <testcase classname="auctionhaus.CustomerTests" name="testCustomerNonNullFieldsOK" time="0.015" />
  <testcase classname="auctionhaus.CustomerTests" name="testCustomerEmailOK" time="0.016" />
  <testcase classname="auctionhaus.CustomerTests" name="testCustomerEmailError" time="0.014" />
  <testcase classname="auctionhaus.CustomerTests" name="testCustomerPasswordOK" time="0.015" />
  <system-out><![CDATA[]]></system-out>
  <system-err><![CDATA[--Output from testCustomerNullFieldsCauseError--
--Output from testCustomerNonNullFieldsOK--
--Output from testCustomerEmailOK--
--Output from testCustomerEmailError--
--Output from testCustomerPasswordOK--
]]></system-err>
</testsuite>
