<?xml version="1.0" encoding="UTF-8" ?>
<testsuite errors="0" failures="0" hostname="Hennepins-MacBook-Pro.local" name="auctionhaus.BidServiceTests" tests="3" time="0.225" timestamp="2012-04-23T04:26:16">
  <properties />
  <testcase classname="auctionhaus.BidServiceTests" name="testBidCreateFailsWithoutValidParameters" time="0.11" />
  <testcase classname="auctionhaus.BidServiceTests" name="testBidCreateSucceedsWithValidParameters" time="0.024" />
  <testcase classname="auctionhaus.BidServiceTests" name="testBidCreateFailsWithExpiredListing" time="0.018" />
  <system-out><![CDATA[]]></system-out>
  <system-err><![CDATA[--Output from testBidCreateFailsWithoutValidParameters--
--Output from testBidCreateSucceedsWithValidParameters--
--Output from testBidCreateFailsWithExpiredListing--
]]></system-err>
</testsuite>
